<?xml version="1.0" encoding="UTF-8"?>
<!-- Generated by org.testng.reporters.JUnitXMLReporter -->
<testsuite hostname="vetsodi10014387" ignored="0" name="Command line test" tests="2" failures="0" timestamp="30 Apr 2025 06:23:24 GMT" time="88.539" errors="0">
  <testcase name="@AfterMethod result" time="4.006" classname="Utility.Report">
    <failure type="java.lang.IndexOutOfBoundsException" message="Index: 4, Size: 4">
      <![CDATA[java.lang.IndexOutOfBoundsException: Index: 4, Size: 4
at java.util.ArrayList.rangeCheck(ArrayList.java:659)
at java.util.ArrayList.set(ArrayList.java:450)
at Classfiles.Snowflake_connection.add_values_to_snowflake_table(Snowflake_connection.java:81)
at Utility.Report.result(Report.java:164)
at Utility.Testng_Class_File.main(Testng_Class_File.java:15)
... Removed 25 stack frames]]>
    </failure>
  </testcase> <!-- @AfterMethod result -->
  <testcase name="@BeforeMethod openBrowser" time="0.0" classname="Utility.Report">
    <skipped/>
  </testcase> <!-- @BeforeMethod openBrowser -->
  <testcase name="@AfterMethod result" time="0.0" classname="Utility.Report">
    <skipped/>
  </testcase> <!-- @AfterMethod result -->
  <testcase name="@AfterTest endReport" time="0.0" classname="Utility.Report">
    <skipped/>
  </testcase> <!-- @AfterTest endReport -->
  <testcase name="Launch_Browser" time="84.356" classname="Utility.Report"/>
  <testcase name="team_activity_analytics_report" time="0.0" classname="Utility.Report">
    <skipped/>
  </testcase> <!-- team_activity_analytics_report -->
</testsuite> <!-- Command line test -->
